INFO 2025-08-28 10:19:55,656 autoreload 8292 15344 Watching for file changes with StatReloader
INFO 2025-08-28 10:28:03,711 autoreload 9256 14560 Watching for file changes with StatReloader
INFO 2025-08-28 10:30:49,603 autoreload 9256 14560 D:\Projects\Current Projects\NDAS - Project\NDAS\ndas\settings.py changed, reloading.
INFO 2025-08-28 10:30:50,369 autoreload 17220 6256 Watching for file changes with StatReloader
INFO 2025-08-28 10:31:07,350 autoreload 20500 14300 Watching for file changes with StatReloader
INFO 2025-08-28 10:33:25,159 autoreload 5028 18356 Watching for file changes with StatReloader
ERROR 2025-08-28 10:33:55,866 log 5028 19104 Internal Server Error: /users/view/1/
Traceback (most recent call last):
  File "D:\Projects\Current Projects\NDAS - Project\NDAS\venv\Lib\site-packages\django\core\handlers\exception.py", line 55, in inner
    response = get_response(request)
  File "D:\Projects\Current Projects\NDAS - Project\NDAS\venv\Lib\site-packages\django\utils\deprecation.py", line 138, in __call__
    response = self.process_response(request, response)
  File "D:\Projects\Current Projects\NDAS - Project\NDAS\venv\Lib\site-packages\csp\middleware.py", line 40, in process_response
    if request.path_info.startswith(prefixes):
       ~~~~~~~~~~~~~~~~~~~~~~~~~~~~^^^^^^^^^^
TypeError: startswith first arg must be str or a tuple of str, not list
ERROR 2025-08-28 10:33:55,871 basehttp 5028 19104 "GET /users/view/1/ HTTP/1.1" 500 86257
INFO 2025-08-28 10:35:29,904 autoreload 5028 18356 D:\Projects\Current Projects\NDAS - Project\NDAS\ndas\settings.py changed, reloading.
INFO 2025-08-28 10:35:30,983 autoreload 14228 18532 Watching for file changes with StatReloader
INFO 2025-08-28 10:35:48,004 basehttp 14228 9576 "GET /users/view/1/ HTTP/1.1" 302 0
INFO 2025-08-28 10:35:48,176 basehttp 14228 9576 "GET /users/login/?next=/users/view/1/ HTTP/1.1" 200 12804
INFO 2025-08-28 10:35:50,714 basehttp 14228 9576 "POST /users/login/ HTTP/1.1" 302 0
INFO 2025-08-28 10:35:50,896 basehttp 14228 9576 "GET / HTTP/1.1" 200 40119
ERROR 2025-08-28 10:35:52,712 log 14228 9576 Internal Server Error: /users/view/1/
Traceback (most recent call last):
  File "D:\Projects\Current Projects\NDAS - Project\NDAS\venv\Lib\site-packages\django\template\base.py", line 505, in parse
    compile_func = self.tags[command]
                   ~~~~~~~~~^^^^^^^^^
KeyError: 'endblock'

During handling of the above exception, another exception occurred:

Traceback (most recent call last):
  File "D:\Projects\Current Projects\NDAS - Project\NDAS\venv\Lib\site-packages\django\core\handlers\exception.py", line 55, in inner
    response = get_response(request)
  File "D:\Projects\Current Projects\NDAS - Project\NDAS\venv\Lib\site-packages\django\core\handlers\base.py", line 197, in _get_response
    response = wrapped_callback(request, *callback_args, **callback_kwargs)
  File "D:\Projects\Current Projects\NDAS - Project\NDAS\venv\Lib\site-packages\django\contrib\auth\decorators.py", line 23, in _wrapped_view
    return view_func(request, *args, **kwargs)
  File "D:\Projects\Current Projects\NDAS - Project\NDAS\users\views.py", line 164, in userView
    return render(request, 'users/user_view.html', {'custom_user': custom_user, 'user' : loged_user})
  File "D:\Projects\Current Projects\NDAS - Project\NDAS\venv\Lib\site-packages\django\shortcuts.py", line 24, in render
    content = loader.render_to_string(template_name, context, request, using=using)
  File "D:\Projects\Current Projects\NDAS - Project\NDAS\venv\Lib\site-packages\django\template\loader.py", line 61, in render_to_string
    template = get_template(template_name, using=using)
  File "D:\Projects\Current Projects\NDAS - Project\NDAS\venv\Lib\site-packages\django\template\loader.py", line 15, in get_template
    return engine.get_template(template_name)
           ~~~~~~~~~~~~~~~~~~~^^^^^^^^^^^^^^^
  File "D:\Projects\Current Projects\NDAS - Project\NDAS\venv\Lib\site-packages\django\template\backends\django.py", line 34, in get_template
    return Template(self.engine.get_template(template_name), self)
                    ~~~~~~~~~~~~~~~~~~~~~~~~^^^^^^^^^^^^^^^
  File "D:\Projects\Current Projects\NDAS - Project\NDAS\venv\Lib\site-packages\django\template\engine.py", line 175, in get_template
    template, origin = self.find_template(template_name)
                       ~~~~~~~~~~~~~~~~~~^^^^^^^^^^^^^^^
  File "D:\Projects\Current Projects\NDAS - Project\NDAS\venv\Lib\site-packages\django\template\engine.py", line 157, in find_template
    template = loader.get_template(name, skip=skip)
  File "D:\Projects\Current Projects\NDAS - Project\NDAS\venv\Lib\site-packages\django\template\loaders\cached.py", line 57, in get_template
    template = super().get_template(template_name, skip)
  File "D:\Projects\Current Projects\NDAS - Project\NDAS\venv\Lib\site-packages\django\template\loaders\base.py", line 28, in get_template
    return Template(
        contents,
    ...<2 lines>...
        self.engine,
    )
  File "D:\Projects\Current Projects\NDAS - Project\NDAS\venv\Lib\site-packages\django\template\base.py", line 154, in __init__
    self.nodelist = self.compile_nodelist()
                    ~~~~~~~~~~~~~~~~~~~~~^^
  File "D:\Projects\Current Projects\NDAS - Project\NDAS\venv\Lib\site-packages\django\template\base.py", line 200, in compile_nodelist
    return parser.parse()
           ~~~~~~~~~~~~^^
  File "D:\Projects\Current Projects\NDAS - Project\NDAS\venv\Lib\site-packages\django\template\base.py", line 513, in parse
    raise self.error(token, e)
  File "D:\Projects\Current Projects\NDAS - Project\NDAS\venv\Lib\site-packages\django\template\base.py", line 511, in parse
    compiled_result = compile_func(self, token)
  File "D:\Projects\Current Projects\NDAS - Project\NDAS\venv\Lib\site-packages\django\template\loader_tags.py", line 293, in do_extends
    nodelist = parser.parse()
  File "D:\Projects\Current Projects\NDAS - Project\NDAS\venv\Lib\site-packages\django\template\base.py", line 507, in parse
    self.invalid_block_tag(token, command, parse_until)
    ~~~~~~~~~~~~~~~~~~~~~~^^^^^^^^^^^^^^^^^^^^^^^^^^^^^
  File "D:\Projects\Current Projects\NDAS - Project\NDAS\venv\Lib\site-packages\django\template\base.py", line 568, in invalid_block_tag
    raise self.error(
    ...<3 lines>...
    )
django.template.exceptions.TemplateSyntaxError: Invalid block tag on line 37: 'endblock'. Did you forget to register or load this tag?
ERROR 2025-08-28 10:35:52,724 basehttp 14228 9576 "GET /users/view/1/ HTTP/1.1" 500 236046
INFO 2025-08-28 10:37:01,966 basehttp 14228 9576 "GET /users/view/1/ HTTP/1.1" 200 61262
INFO 2025-08-28 10:38:50,083 basehttp 14228 9576 "GET /users/view/1/ HTTP/1.1" 200 62065
ERROR 2025-08-28 10:39:09,160 log 14228 9576 Internal Server Error: /users/activity/
Traceback (most recent call last):
  File "D:\Projects\Current Projects\NDAS - Project\NDAS\venv\Lib\site-packages\django\template\backends\django.py", line 62, in render
    return self.template.render(context)
           ~~~~~~~~~~~~~~~~~~~~^^^^^^^^^
  File "D:\Projects\Current Projects\NDAS - Project\NDAS\venv\Lib\site-packages\django\template\base.py", line 175, in render
    return self._render(context)
           ~~~~~~~~~~~~^^^^^^^^^
  File "D:\Projects\Current Projects\NDAS - Project\NDAS\venv\Lib\site-packages\django\template\base.py", line 167, in _render
    return self.nodelist.render(context)
           ~~~~~~~~~~~~~~~~~~~~^^^^^^^^^
  File "D:\Projects\Current Projects\NDAS - Project\NDAS\venv\Lib\site-packages\django\template\base.py", line 1005, in render
    return SafeString("".join([node.render_annotated(context) for node in self]))
                               ~~~~~~~~~~~~~~~~~~~~~^^^^^^^^^
  File "D:\Projects\Current Projects\NDAS - Project\NDAS\venv\Lib\site-packages\django\template\base.py", line 966, in render_annotated
    return self.render(context)
           ~~~~~~~~~~~^^^^^^^^^
  File "D:\Projects\Current Projects\NDAS - Project\NDAS\venv\Lib\site-packages\django\template\loader_tags.py", line 132, in render
    compiled_parent = self.get_parent(context)
  File "D:\Projects\Current Projects\NDAS - Project\NDAS\venv\Lib\site-packages\django\template\loader_tags.py", line 129, in get_parent
    return self.find_template(parent, context)
           ~~~~~~~~~~~~~~~~~~^^^^^^^^^^^^^^^^^
  File "D:\Projects\Current Projects\NDAS - Project\NDAS\venv\Lib\site-packages\django\template\loader_tags.py", line 107, in find_template
    template, origin = context.template.engine.find_template(
                       ~~~~~~~~~~~~~~~~~~~~~~~~~~~~~~~~~~~~~^
        template_name,
        ^^^^^^^^^^^^^^
        skip=history,
        ^^^^^^^^^^^^^
    )
    ^
  File "D:\Projects\Current Projects\NDAS - Project\NDAS\venv\Lib\site-packages\django\template\engine.py", line 161, in find_template
    raise TemplateDoesNotExist(name, tried=tried)
django.template.exceptions.TemplateDoesNotExist: base.html

The above exception was the direct cause of the following exception:

Traceback (most recent call last):
  File "D:\Projects\Current Projects\NDAS - Project\NDAS\venv\Lib\site-packages\django\core\handlers\exception.py", line 55, in inner
    response = get_response(request)
  File "D:\Projects\Current Projects\NDAS - Project\NDAS\venv\Lib\site-packages\django\core\handlers\base.py", line 197, in _get_response
    response = wrapped_callback(request, *callback_args, **callback_kwargs)
  File "D:\Projects\Current Projects\NDAS - Project\NDAS\venv\Lib\site-packages\django\contrib\auth\decorators.py", line 23, in _wrapped_view
    return view_func(request, *args, **kwargs)
  File "D:\Projects\Current Projects\NDAS - Project\NDAS\users\views.py", line 358, in user_activity
    return render(request, 'users/user_activity.html', context)
  File "D:\Projects\Current Projects\NDAS - Project\NDAS\venv\Lib\site-packages\django\shortcuts.py", line 24, in render
    content = loader.render_to_string(template_name, context, request, using=using)
  File "D:\Projects\Current Projects\NDAS - Project\NDAS\venv\Lib\site-packages\django\template\loader.py", line 62, in render_to_string
    return template.render(context, request)
           ~~~~~~~~~~~~~~~^^^^^^^^^^^^^^^^^^
  File "D:\Projects\Current Projects\NDAS - Project\NDAS\venv\Lib\site-packages\django\template\backends\django.py", line 64, in render
    reraise(exc, self.backend)
    ~~~~~~~^^^^^^^^^^^^^^^^^^^
  File "D:\Projects\Current Projects\NDAS - Project\NDAS\venv\Lib\site-packages\django\template\backends\django.py", line 85, in reraise
    raise new from exc
django.template.exceptions.TemplateDoesNotExist: base.html
ERROR 2025-08-28 10:39:09,172 basehttp 14228 9576 "GET /users/activity/ HTTP/1.1" 500 211350
ERROR 2025-08-28 10:39:18,197 log 14228 9576 Internal Server Error: /users/view/1/
Traceback (most recent call last):
  File "D:\Projects\Current Projects\NDAS - Project\NDAS\venv\Lib\site-packages\django\core\handlers\exception.py", line 55, in inner
    response = get_response(request)
  File "D:\Projects\Current Projects\NDAS - Project\NDAS\venv\Lib\site-packages\django\core\handlers\base.py", line 197, in _get_response
    response = wrapped_callback(request, *callback_args, **callback_kwargs)
  File "D:\Projects\Current Projects\NDAS - Project\NDAS\venv\Lib\site-packages\django\contrib\auth\decorators.py", line 23, in _wrapped_view
    return view_func(request, *args, **kwargs)
  File "D:\Projects\Current Projects\NDAS - Project\NDAS\users\views.py", line 164, in userView
    return render(request, 'users/user_view.html', {'custom_user': custom_user, 'user' : loged_user})
  File "D:\Projects\Current Projects\NDAS - Project\NDAS\venv\Lib\site-packages\django\shortcuts.py", line 24, in render
    content = loader.render_to_string(template_name, context, request, using=using)
  File "D:\Projects\Current Projects\NDAS - Project\NDAS\venv\Lib\site-packages\django\template\loader.py", line 62, in render_to_string
    return template.render(context, request)
           ~~~~~~~~~~~~~~~^^^^^^^^^^^^^^^^^^
  File "D:\Projects\Current Projects\NDAS - Project\NDAS\venv\Lib\site-packages\django\template\backends\django.py", line 62, in render
    return self.template.render(context)
           ~~~~~~~~~~~~~~~~~~~~^^^^^^^^^
  File "D:\Projects\Current Projects\NDAS - Project\NDAS\venv\Lib\site-packages\django\template\base.py", line 175, in render
    return self._render(context)
           ~~~~~~~~~~~~^^^^^^^^^
  File "D:\Projects\Current Projects\NDAS - Project\NDAS\venv\Lib\site-packages\django\template\base.py", line 167, in _render
    return self.nodelist.render(context)
           ~~~~~~~~~~~~~~~~~~~~^^^^^^^^^
  File "D:\Projects\Current Projects\NDAS - Project\NDAS\venv\Lib\site-packages\django\template\base.py", line 1005, in render
    return SafeString("".join([node.render_annotated(context) for node in self]))
                               ~~~~~~~~~~~~~~~~~~~~~^^^^^^^^^
  File "D:\Projects\Current Projects\NDAS - Project\NDAS\venv\Lib\site-packages\django\template\base.py", line 966, in render_annotated
    return self.render(context)
           ~~~~~~~~~~~^^^^^^^^^
  File "D:\Projects\Current Projects\NDAS - Project\NDAS\venv\Lib\site-packages\django\template\loader_tags.py", line 157, in render
    return compiled_parent._render(context)
           ~~~~~~~~~~~~~~~~~~~~~~~^^^^^^^^^
  File "D:\Projects\Current Projects\NDAS - Project\NDAS\venv\Lib\site-packages\django\template\base.py", line 167, in _render
    return self.nodelist.render(context)
           ~~~~~~~~~~~~~~~~~~~~^^^^^^^^^
  File "D:\Projects\Current Projects\NDAS - Project\NDAS\venv\Lib\site-packages\django\template\base.py", line 1005, in render
    return SafeString("".join([node.render_annotated(context) for node in self]))
                               ~~~~~~~~~~~~~~~~~~~~~^^^^^^^^^
  File "D:\Projects\Current Projects\NDAS - Project\NDAS\venv\Lib\site-packages\django\template\base.py", line 966, in render_annotated
    return self.render(context)
           ~~~~~~~~~~~^^^^^^^^^
  File "D:\Projects\Current Projects\NDAS - Project\NDAS\venv\Lib\site-packages\django\template\loader_tags.py", line 157, in render
    return compiled_parent._render(context)
           ~~~~~~~~~~~~~~~~~~~~~~~^^^^^^^^^
  File "D:\Projects\Current Projects\NDAS - Project\NDAS\venv\Lib\site-packages\django\template\base.py", line 167, in _render
    return self.nodelist.render(context)
           ~~~~~~~~~~~~~~~~~~~~^^^^^^^^^
  File "D:\Projects\Current Projects\NDAS - Project\NDAS\venv\Lib\site-packages\django\template\base.py", line 1005, in render
    return SafeString("".join([node.render_annotated(context) for node in self]))
                               ~~~~~~~~~~~~~~~~~~~~~^^^^^^^^^
  File "D:\Projects\Current Projects\NDAS - Project\NDAS\venv\Lib\site-packages\django\template\base.py", line 966, in render_annotated
    return self.render(context)
           ~~~~~~~~~~~^^^^^^^^^
  File "D:\Projects\Current Projects\NDAS - Project\NDAS\venv\Lib\site-packages\django\template\loader_tags.py", line 63, in render
    result = block.nodelist.render(context)
  File "D:\Projects\Current Projects\NDAS - Project\NDAS\venv\Lib\site-packages\django\template\base.py", line 1005, in render
    return SafeString("".join([node.render_annotated(context) for node in self]))
                               ~~~~~~~~~~~~~~~~~~~~~^^^^^^^^^
  File "D:\Projects\Current Projects\NDAS - Project\NDAS\venv\Lib\site-packages\django\template\base.py", line 966, in render_annotated
    return self.render(context)
           ~~~~~~~~~~~^^^^^^^^^
  File "D:\Projects\Current Projects\NDAS - Project\NDAS\venv\Lib\site-packages\django\template\defaulttags.py", line 472, in render
    url = reverse(view_name, args=args, kwargs=kwargs, current_app=current_app)
  File "D:\Projects\Current Projects\NDAS - Project\NDAS\venv\Lib\site-packages\django\urls\base.py", line 88, in reverse
    return resolver._reverse_with_prefix(view, prefix, *args, **kwargs)
           ~~~~~~~~~~~~~~~~~~~~~~~~~~~~~^^^^^^^^^^^^^^^^^^^^^^^^^^^^^^^
  File "D:\Projects\Current Projects\NDAS - Project\NDAS\venv\Lib\site-packages\django\urls\resolvers.py", line 828, in _reverse_with_prefix
    raise NoReverseMatch(msg)
django.urls.exceptions.NoReverseMatch: Reverse for 'logout' not found. 'logout' is not a valid view function or pattern name.
ERROR 2025-08-28 10:39:18,214 basehttp 14228 9576 "GET /users/view/1/ HTTP/1.1" 500 208344
ERROR 2025-08-28 10:39:29,715 log 14228 9576 Internal Server Error: /users/view/1/
Traceback (most recent call last):
  File "D:\Projects\Current Projects\NDAS - Project\NDAS\venv\Lib\site-packages\django\core\handlers\exception.py", line 55, in inner
    response = get_response(request)
  File "D:\Projects\Current Projects\NDAS - Project\NDAS\venv\Lib\site-packages\django\core\handlers\base.py", line 197, in _get_response
    response = wrapped_callback(request, *callback_args, **callback_kwargs)
  File "D:\Projects\Current Projects\NDAS - Project\NDAS\venv\Lib\site-packages\django\contrib\auth\decorators.py", line 23, in _wrapped_view
    return view_func(request, *args, **kwargs)
  File "D:\Projects\Current Projects\NDAS - Project\NDAS\users\views.py", line 164, in userView
    return render(request, 'users/user_view.html', {'custom_user': custom_user, 'user' : loged_user})
  File "D:\Projects\Current Projects\NDAS - Project\NDAS\venv\Lib\site-packages\django\shortcuts.py", line 24, in render
    content = loader.render_to_string(template_name, context, request, using=using)
  File "D:\Projects\Current Projects\NDAS - Project\NDAS\venv\Lib\site-packages\django\template\loader.py", line 62, in render_to_string
    return template.render(context, request)
           ~~~~~~~~~~~~~~~^^^^^^^^^^^^^^^^^^
  File "D:\Projects\Current Projects\NDAS - Project\NDAS\venv\Lib\site-packages\django\template\backends\django.py", line 62, in render
    return self.template.render(context)
           ~~~~~~~~~~~~~~~~~~~~^^^^^^^^^
  File "D:\Projects\Current Projects\NDAS - Project\NDAS\venv\Lib\site-packages\django\template\base.py", line 175, in render
    return self._render(context)
           ~~~~~~~~~~~~^^^^^^^^^
  File "D:\Projects\Current Projects\NDAS - Project\NDAS\venv\Lib\site-packages\django\template\base.py", line 167, in _render
    return self.nodelist.render(context)
           ~~~~~~~~~~~~~~~~~~~~^^^^^^^^^
  File "D:\Projects\Current Projects\NDAS - Project\NDAS\venv\Lib\site-packages\django\template\base.py", line 1005, in render
    return SafeString("".join([node.render_annotated(context) for node in self]))
                               ~~~~~~~~~~~~~~~~~~~~~^^^^^^^^^
  File "D:\Projects\Current Projects\NDAS - Project\NDAS\venv\Lib\site-packages\django\template\base.py", line 966, in render_annotated
    return self.render(context)
           ~~~~~~~~~~~^^^^^^^^^
  File "D:\Projects\Current Projects\NDAS - Project\NDAS\venv\Lib\site-packages\django\template\loader_tags.py", line 157, in render
    return compiled_parent._render(context)
           ~~~~~~~~~~~~~~~~~~~~~~~^^^^^^^^^
  File "D:\Projects\Current Projects\NDAS - Project\NDAS\venv\Lib\site-packages\django\template\base.py", line 167, in _render
    return self.nodelist.render(context)
           ~~~~~~~~~~~~~~~~~~~~^^^^^^^^^
  File "D:\Projects\Current Projects\NDAS - Project\NDAS\venv\Lib\site-packages\django\template\base.py", line 1005, in render
    return SafeString("".join([node.render_annotated(context) for node in self]))
                               ~~~~~~~~~~~~~~~~~~~~~^^^^^^^^^
  File "D:\Projects\Current Projects\NDAS - Project\NDAS\venv\Lib\site-packages\django\template\base.py", line 966, in render_annotated
    return self.render(context)
           ~~~~~~~~~~~^^^^^^^^^
  File "D:\Projects\Current Projects\NDAS - Project\NDAS\venv\Lib\site-packages\django\template\loader_tags.py", line 157, in render
    return compiled_parent._render(context)
           ~~~~~~~~~~~~~~~~~~~~~~~^^^^^^^^^
  File "D:\Projects\Current Projects\NDAS - Project\NDAS\venv\Lib\site-packages\django\template\base.py", line 167, in _render
    return self.nodelist.render(context)
           ~~~~~~~~~~~~~~~~~~~~^^^^^^^^^
  File "D:\Projects\Current Projects\NDAS - Project\NDAS\venv\Lib\site-packages\django\template\base.py", line 1005, in render
    return SafeString("".join([node.render_annotated(context) for node in self]))
                               ~~~~~~~~~~~~~~~~~~~~~^^^^^^^^^
  File "D:\Projects\Current Projects\NDAS - Project\NDAS\venv\Lib\site-packages\django\template\base.py", line 966, in render_annotated
    return self.render(context)
           ~~~~~~~~~~~^^^^^^^^^
  File "D:\Projects\Current Projects\NDAS - Project\NDAS\venv\Lib\site-packages\django\template\loader_tags.py", line 63, in render
    result = block.nodelist.render(context)
  File "D:\Projects\Current Projects\NDAS - Project\NDAS\venv\Lib\site-packages\django\template\base.py", line 1005, in render
    return SafeString("".join([node.render_annotated(context) for node in self]))
                               ~~~~~~~~~~~~~~~~~~~~~^^^^^^^^^
  File "D:\Projects\Current Projects\NDAS - Project\NDAS\venv\Lib\site-packages\django\template\base.py", line 966, in render_annotated
    return self.render(context)
           ~~~~~~~~~~~^^^^^^^^^
  File "D:\Projects\Current Projects\NDAS - Project\NDAS\venv\Lib\site-packages\django\template\defaulttags.py", line 472, in render
    url = reverse(view_name, args=args, kwargs=kwargs, current_app=current_app)
  File "D:\Projects\Current Projects\NDAS - Project\NDAS\venv\Lib\site-packages\django\urls\base.py", line 88, in reverse
    return resolver._reverse_with_prefix(view, prefix, *args, **kwargs)
           ~~~~~~~~~~~~~~~~~~~~~~~~~~~~~^^^^^^^^^^^^^^^^^^^^^^^^^^^^^^^
  File "D:\Projects\Current Projects\NDAS - Project\NDAS\venv\Lib\site-packages\django\urls\resolvers.py", line 828, in _reverse_with_prefix
    raise NoReverseMatch(msg)
django.urls.exceptions.NoReverseMatch: Reverse for 'logout' not found. 'logout' is not a valid view function or pattern name.
ERROR 2025-08-28 10:39:29,732 basehttp 14228 9576 "GET /users/view/1/ HTTP/1.1" 500 208344
ERROR 2025-08-28 10:39:31,862 log 14228 9576 Internal Server Error: /users/view/1/
Traceback (most recent call last):
  File "D:\Projects\Current Projects\NDAS - Project\NDAS\venv\Lib\site-packages\django\core\handlers\exception.py", line 55, in inner
    response = get_response(request)
  File "D:\Projects\Current Projects\NDAS - Project\NDAS\venv\Lib\site-packages\django\core\handlers\base.py", line 197, in _get_response
    response = wrapped_callback(request, *callback_args, **callback_kwargs)
  File "D:\Projects\Current Projects\NDAS - Project\NDAS\venv\Lib\site-packages\django\contrib\auth\decorators.py", line 23, in _wrapped_view
    return view_func(request, *args, **kwargs)
  File "D:\Projects\Current Projects\NDAS - Project\NDAS\users\views.py", line 164, in userView
    return render(request, 'users/user_view.html', {'custom_user': custom_user, 'user' : loged_user})
  File "D:\Projects\Current Projects\NDAS - Project\NDAS\venv\Lib\site-packages\django\shortcuts.py", line 24, in render
    content = loader.render_to_string(template_name, context, request, using=using)
  File "D:\Projects\Current Projects\NDAS - Project\NDAS\venv\Lib\site-packages\django\template\loader.py", line 62, in render_to_string
    return template.render(context, request)
           ~~~~~~~~~~~~~~~^^^^^^^^^^^^^^^^^^
  File "D:\Projects\Current Projects\NDAS - Project\NDAS\venv\Lib\site-packages\django\template\backends\django.py", line 62, in render
    return self.template.render(context)
           ~~~~~~~~~~~~~~~~~~~~^^^^^^^^^
  File "D:\Projects\Current Projects\NDAS - Project\NDAS\venv\Lib\site-packages\django\template\base.py", line 175, in render
    return self._render(context)
           ~~~~~~~~~~~~^^^^^^^^^
  File "D:\Projects\Current Projects\NDAS - Project\NDAS\venv\Lib\site-packages\django\template\base.py", line 167, in _render
    return self.nodelist.render(context)
           ~~~~~~~~~~~~~~~~~~~~^^^^^^^^^
  File "D:\Projects\Current Projects\NDAS - Project\NDAS\venv\Lib\site-packages\django\template\base.py", line 1005, in render
    return SafeString("".join([node.render_annotated(context) for node in self]))
                               ~~~~~~~~~~~~~~~~~~~~~^^^^^^^^^
  File "D:\Projects\Current Projects\NDAS - Project\NDAS\venv\Lib\site-packages\django\template\base.py", line 966, in render_annotated
    return self.render(context)
           ~~~~~~~~~~~^^^^^^^^^
  File "D:\Projects\Current Projects\NDAS - Project\NDAS\venv\Lib\site-packages\django\template\loader_tags.py", line 157, in render
    return compiled_parent._render(context)
           ~~~~~~~~~~~~~~~~~~~~~~~^^^^^^^^^
  File "D:\Projects\Current Projects\NDAS - Project\NDAS\venv\Lib\site-packages\django\template\base.py", line 167, in _render
    return self.nodelist.render(context)
           ~~~~~~~~~~~~~~~~~~~~^^^^^^^^^
  File "D:\Projects\Current Projects\NDAS - Project\NDAS\venv\Lib\site-packages\django\template\base.py", line 1005, in render
    return SafeString("".join([node.render_annotated(context) for node in self]))
                               ~~~~~~~~~~~~~~~~~~~~~^^^^^^^^^
  File "D:\Projects\Current Projects\NDAS - Project\NDAS\venv\Lib\site-packages\django\template\base.py", line 966, in render_annotated
    return self.render(context)
           ~~~~~~~~~~~^^^^^^^^^
  File "D:\Projects\Current Projects\NDAS - Project\NDAS\venv\Lib\site-packages\django\template\loader_tags.py", line 157, in render
    return compiled_parent._render(context)
           ~~~~~~~~~~~~~~~~~~~~~~~^^^^^^^^^
  File "D:\Projects\Current Projects\NDAS - Project\NDAS\venv\Lib\site-packages\django\template\base.py", line 167, in _render
    return self.nodelist.render(context)
           ~~~~~~~~~~~~~~~~~~~~^^^^^^^^^
  File "D:\Projects\Current Projects\NDAS - Project\NDAS\venv\Lib\site-packages\django\template\base.py", line 1005, in render
    return SafeString("".join([node.render_annotated(context) for node in self]))
                               ~~~~~~~~~~~~~~~~~~~~~^^^^^^^^^
  File "D:\Projects\Current Projects\NDAS - Project\NDAS\venv\Lib\site-packages\django\template\base.py", line 966, in render_annotated
    return self.render(context)
           ~~~~~~~~~~~^^^^^^^^^
  File "D:\Projects\Current Projects\NDAS - Project\NDAS\venv\Lib\site-packages\django\template\loader_tags.py", line 63, in render
    result = block.nodelist.render(context)
  File "D:\Projects\Current Projects\NDAS - Project\NDAS\venv\Lib\site-packages\django\template\base.py", line 1005, in render
    return SafeString("".join([node.render_annotated(context) for node in self]))
                               ~~~~~~~~~~~~~~~~~~~~~^^^^^^^^^
  File "D:\Projects\Current Projects\NDAS - Project\NDAS\venv\Lib\site-packages\django\template\base.py", line 966, in render_annotated
    return self.render(context)
           ~~~~~~~~~~~^^^^^^^^^
  File "D:\Projects\Current Projects\NDAS - Project\NDAS\venv\Lib\site-packages\django\template\defaulttags.py", line 472, in render
    url = reverse(view_name, args=args, kwargs=kwargs, current_app=current_app)
  File "D:\Projects\Current Projects\NDAS - Project\NDAS\venv\Lib\site-packages\django\urls\base.py", line 88, in reverse
    return resolver._reverse_with_prefix(view, prefix, *args, **kwargs)
           ~~~~~~~~~~~~~~~~~~~~~~~~~~~~~^^^^^^^^^^^^^^^^^^^^^^^^^^^^^^^
  File "D:\Projects\Current Projects\NDAS - Project\NDAS\venv\Lib\site-packages\django\urls\resolvers.py", line 828, in _reverse_with_prefix
    raise NoReverseMatch(msg)
django.urls.exceptions.NoReverseMatch: Reverse for 'logout' not found. 'logout' is not a valid view function or pattern name.
ERROR 2025-08-28 10:39:31,877 basehttp 14228 9576 "GET /users/view/1/ HTTP/1.1" 500 208344
INFO 2025-08-28 10:39:33,629 basehttp 14228 9576 "GET / HTTP/1.1" 200 39795
ERROR 2025-08-28 10:39:35,718 log 14228 9576 Internal Server Error: /users/view/1/
Traceback (most recent call last):
  File "D:\Projects\Current Projects\NDAS - Project\NDAS\venv\Lib\site-packages\django\core\handlers\exception.py", line 55, in inner
    response = get_response(request)
  File "D:\Projects\Current Projects\NDAS - Project\NDAS\venv\Lib\site-packages\django\core\handlers\base.py", line 197, in _get_response
    response = wrapped_callback(request, *callback_args, **callback_kwargs)
  File "D:\Projects\Current Projects\NDAS - Project\NDAS\venv\Lib\site-packages\django\contrib\auth\decorators.py", line 23, in _wrapped_view
    return view_func(request, *args, **kwargs)
  File "D:\Projects\Current Projects\NDAS - Project\NDAS\users\views.py", line 164, in userView
    return render(request, 'users/user_view.html', {'custom_user': custom_user, 'user' : loged_user})
  File "D:\Projects\Current Projects\NDAS - Project\NDAS\venv\Lib\site-packages\django\shortcuts.py", line 24, in render
    content = loader.render_to_string(template_name, context, request, using=using)
  File "D:\Projects\Current Projects\NDAS - Project\NDAS\venv\Lib\site-packages\django\template\loader.py", line 62, in render_to_string
    return template.render(context, request)
           ~~~~~~~~~~~~~~~^^^^^^^^^^^^^^^^^^
  File "D:\Projects\Current Projects\NDAS - Project\NDAS\venv\Lib\site-packages\django\template\backends\django.py", line 62, in render
    return self.template.render(context)
           ~~~~~~~~~~~~~~~~~~~~^^^^^^^^^
  File "D:\Projects\Current Projects\NDAS - Project\NDAS\venv\Lib\site-packages\django\template\base.py", line 175, in render
    return self._render(context)
           ~~~~~~~~~~~~^^^^^^^^^
  File "D:\Projects\Current Projects\NDAS - Project\NDAS\venv\Lib\site-packages\django\template\base.py", line 167, in _render
    return self.nodelist.render(context)
           ~~~~~~~~~~~~~~~~~~~~^^^^^^^^^
  File "D:\Projects\Current Projects\NDAS - Project\NDAS\venv\Lib\site-packages\django\template\base.py", line 1005, in render
    return SafeString("".join([node.render_annotated(context) for node in self]))
                               ~~~~~~~~~~~~~~~~~~~~~^^^^^^^^^
  File "D:\Projects\Current Projects\NDAS - Project\NDAS\venv\Lib\site-packages\django\template\base.py", line 966, in render_annotated
    return self.render(context)
           ~~~~~~~~~~~^^^^^^^^^
  File "D:\Projects\Current Projects\NDAS - Project\NDAS\venv\Lib\site-packages\django\template\loader_tags.py", line 157, in render
    return compiled_parent._render(context)
           ~~~~~~~~~~~~~~~~~~~~~~~^^^^^^^^^
  File "D:\Projects\Current Projects\NDAS - Project\NDAS\venv\Lib\site-packages\django\template\base.py", line 167, in _render
    return self.nodelist.render(context)
           ~~~~~~~~~~~~~~~~~~~~^^^^^^^^^
  File "D:\Projects\Current Projects\NDAS - Project\NDAS\venv\Lib\site-packages\django\template\base.py", line 1005, in render
    return SafeString("".join([node.render_annotated(context) for node in self]))
                               ~~~~~~~~~~~~~~~~~~~~~^^^^^^^^^
  File "D:\Projects\Current Projects\NDAS - Project\NDAS\venv\Lib\site-packages\django\template\base.py", line 966, in render_annotated
    return self.render(context)
           ~~~~~~~~~~~^^^^^^^^^
  File "D:\Projects\Current Projects\NDAS - Project\NDAS\venv\Lib\site-packages\django\template\loader_tags.py", line 157, in render
    return compiled_parent._render(context)
           ~~~~~~~~~~~~~~~~~~~~~~~^^^^^^^^^
  File "D:\Projects\Current Projects\NDAS - Project\NDAS\venv\Lib\site-packages\django\template\base.py", line 167, in _render
    return self.nodelist.render(context)
           ~~~~~~~~~~~~~~~~~~~~^^^^^^^^^
  File "D:\Projects\Current Projects\NDAS - Project\NDAS\venv\Lib\site-packages\django\template\base.py", line 1005, in render
    return SafeString("".join([node.render_annotated(context) for node in self]))
                               ~~~~~~~~~~~~~~~~~~~~~^^^^^^^^^
  File "D:\Projects\Current Projects\NDAS - Project\NDAS\venv\Lib\site-packages\django\template\base.py", line 966, in render_annotated
    return self.render(context)
           ~~~~~~~~~~~^^^^^^^^^
  File "D:\Projects\Current Projects\NDAS - Project\NDAS\venv\Lib\site-packages\django\template\loader_tags.py", line 63, in render
    result = block.nodelist.render(context)
  File "D:\Projects\Current Projects\NDAS - Project\NDAS\venv\Lib\site-packages\django\template\base.py", line 1005, in render
    return SafeString("".join([node.render_annotated(context) for node in self]))
                               ~~~~~~~~~~~~~~~~~~~~~^^^^^^^^^
  File "D:\Projects\Current Projects\NDAS - Project\NDAS\venv\Lib\site-packages\django\template\base.py", line 966, in render_annotated
    return self.render(context)
           ~~~~~~~~~~~^^^^^^^^^
  File "D:\Projects\Current Projects\NDAS - Project\NDAS\venv\Lib\site-packages\django\template\defaulttags.py", line 472, in render
    url = reverse(view_name, args=args, kwargs=kwargs, current_app=current_app)
  File "D:\Projects\Current Projects\NDAS - Project\NDAS\venv\Lib\site-packages\django\urls\base.py", line 88, in reverse
    return resolver._reverse_with_prefix(view, prefix, *args, **kwargs)
           ~~~~~~~~~~~~~~~~~~~~~~~~~~~~~^^^^^^^^^^^^^^^^^^^^^^^^^^^^^^^
  File "D:\Projects\Current Projects\NDAS - Project\NDAS\venv\Lib\site-packages\django\urls\resolvers.py", line 828, in _reverse_with_prefix
    raise NoReverseMatch(msg)
django.urls.exceptions.NoReverseMatch: Reverse for 'logout' not found. 'logout' is not a valid view function or pattern name.
ERROR 2025-08-28 10:39:35,731 basehttp 14228 9576 "GET /users/view/1/ HTTP/1.1" 500 208207
ERROR 2025-08-28 10:39:50,394 log 14228 9576 Internal Server Error: /users/view/1/
Traceback (most recent call last):
  File "D:\Projects\Current Projects\NDAS - Project\NDAS\venv\Lib\site-packages\django\core\handlers\exception.py", line 55, in inner
    response = get_response(request)
  File "D:\Projects\Current Projects\NDAS - Project\NDAS\venv\Lib\site-packages\django\core\handlers\base.py", line 197, in _get_response
    response = wrapped_callback(request, *callback_args, **callback_kwargs)
  File "D:\Projects\Current Projects\NDAS - Project\NDAS\venv\Lib\site-packages\django\contrib\auth\decorators.py", line 23, in _wrapped_view
    return view_func(request, *args, **kwargs)
  File "D:\Projects\Current Projects\NDAS - Project\NDAS\users\views.py", line 164, in userView
    return render(request, 'users/user_view.html', {'custom_user': custom_user, 'user' : loged_user})
  File "D:\Projects\Current Projects\NDAS - Project\NDAS\venv\Lib\site-packages\django\shortcuts.py", line 24, in render
    content = loader.render_to_string(template_name, context, request, using=using)
  File "D:\Projects\Current Projects\NDAS - Project\NDAS\venv\Lib\site-packages\django\template\loader.py", line 62, in render_to_string
    return template.render(context, request)
           ~~~~~~~~~~~~~~~^^^^^^^^^^^^^^^^^^
  File "D:\Projects\Current Projects\NDAS - Project\NDAS\venv\Lib\site-packages\django\template\backends\django.py", line 62, in render
    return self.template.render(context)
           ~~~~~~~~~~~~~~~~~~~~^^^^^^^^^
  File "D:\Projects\Current Projects\NDAS - Project\NDAS\venv\Lib\site-packages\django\template\base.py", line 175, in render
    return self._render(context)
           ~~~~~~~~~~~~^^^^^^^^^
  File "D:\Projects\Current Projects\NDAS - Project\NDAS\venv\Lib\site-packages\django\template\base.py", line 167, in _render
    return self.nodelist.render(context)
           ~~~~~~~~~~~~~~~~~~~~^^^^^^^^^
  File "D:\Projects\Current Projects\NDAS - Project\NDAS\venv\Lib\site-packages\django\template\base.py", line 1005, in render
    return SafeString("".join([node.render_annotated(context) for node in self]))
                               ~~~~~~~~~~~~~~~~~~~~~^^^^^^^^^
  File "D:\Projects\Current Projects\NDAS - Project\NDAS\venv\Lib\site-packages\django\template\base.py", line 966, in render_annotated
    return self.render(context)
           ~~~~~~~~~~~^^^^^^^^^
  File "D:\Projects\Current Projects\NDAS - Project\NDAS\venv\Lib\site-packages\django\template\loader_tags.py", line 157, in render
    return compiled_parent._render(context)
           ~~~~~~~~~~~~~~~~~~~~~~~^^^^^^^^^
  File "D:\Projects\Current Projects\NDAS - Project\NDAS\venv\Lib\site-packages\django\template\base.py", line 167, in _render
    return self.nodelist.render(context)
           ~~~~~~~~~~~~~~~~~~~~^^^^^^^^^
  File "D:\Projects\Current Projects\NDAS - Project\NDAS\venv\Lib\site-packages\django\template\base.py", line 1005, in render
    return SafeString("".join([node.render_annotated(context) for node in self]))
                               ~~~~~~~~~~~~~~~~~~~~~^^^^^^^^^
  File "D:\Projects\Current Projects\NDAS - Project\NDAS\venv\Lib\site-packages\django\template\base.py", line 966, in render_annotated
    return self.render(context)
           ~~~~~~~~~~~^^^^^^^^^
  File "D:\Projects\Current Projects\NDAS - Project\NDAS\venv\Lib\site-packages\django\template\loader_tags.py", line 157, in render
    return compiled_parent._render(context)
           ~~~~~~~~~~~~~~~~~~~~~~~^^^^^^^^^
  File "D:\Projects\Current Projects\NDAS - Project\NDAS\venv\Lib\site-packages\django\template\base.py", line 167, in _render
    return self.nodelist.render(context)
           ~~~~~~~~~~~~~~~~~~~~^^^^^^^^^
  File "D:\Projects\Current Projects\NDAS - Project\NDAS\venv\Lib\site-packages\django\template\base.py", line 1005, in render
    return SafeString("".join([node.render_annotated(context) for node in self]))
                               ~~~~~~~~~~~~~~~~~~~~~^^^^^^^^^
  File "D:\Projects\Current Projects\NDAS - Project\NDAS\venv\Lib\site-packages\django\template\base.py", line 966, in render_annotated
    return self.render(context)
           ~~~~~~~~~~~^^^^^^^^^
  File "D:\Projects\Current Projects\NDAS - Project\NDAS\venv\Lib\site-packages\django\template\loader_tags.py", line 63, in render
    result = block.nodelist.render(context)
  File "D:\Projects\Current Projects\NDAS - Project\NDAS\venv\Lib\site-packages\django\template\base.py", line 1005, in render
    return SafeString("".join([node.render_annotated(context) for node in self]))
                               ~~~~~~~~~~~~~~~~~~~~~^^^^^^^^^
  File "D:\Projects\Current Projects\NDAS - Project\NDAS\venv\Lib\site-packages\django\template\base.py", line 966, in render_annotated
    return self.render(context)
           ~~~~~~~~~~~^^^^^^^^^
  File "D:\Projects\Current Projects\NDAS - Project\NDAS\venv\Lib\site-packages\django\template\defaulttags.py", line 472, in render
    url = reverse(view_name, args=args, kwargs=kwargs, current_app=current_app)
  File "D:\Projects\Current Projects\NDAS - Project\NDAS\venv\Lib\site-packages\django\urls\base.py", line 88, in reverse
    return resolver._reverse_with_prefix(view, prefix, *args, **kwargs)
           ~~~~~~~~~~~~~~~~~~~~~~~~~~~~~^^^^^^^^^^^^^^^^^^^^^^^^^^^^^^^
  File "D:\Projects\Current Projects\NDAS - Project\NDAS\venv\Lib\site-packages\django\urls\resolvers.py", line 828, in _reverse_with_prefix
    raise NoReverseMatch(msg)
django.urls.exceptions.NoReverseMatch: Reverse for 'logout' not found. 'logout' is not a valid view function or pattern name.
ERROR 2025-08-28 10:39:50,407 basehttp 14228 9576 "GET /users/view/1/ HTTP/1.1" 500 208344
ERROR 2025-08-28 10:39:51,555 log 14228 9576 Internal Server Error: /users/view/1/
Traceback (most recent call last):
  File "D:\Projects\Current Projects\NDAS - Project\NDAS\venv\Lib\site-packages\django\core\handlers\exception.py", line 55, in inner
    response = get_response(request)
  File "D:\Projects\Current Projects\NDAS - Project\NDAS\venv\Lib\site-packages\django\core\handlers\base.py", line 197, in _get_response
    response = wrapped_callback(request, *callback_args, **callback_kwargs)
  File "D:\Projects\Current Projects\NDAS - Project\NDAS\venv\Lib\site-packages\django\contrib\auth\decorators.py", line 23, in _wrapped_view
    return view_func(request, *args, **kwargs)
  File "D:\Projects\Current Projects\NDAS - Project\NDAS\users\views.py", line 164, in userView
    return render(request, 'users/user_view.html', {'custom_user': custom_user, 'user' : loged_user})
  File "D:\Projects\Current Projects\NDAS - Project\NDAS\venv\Lib\site-packages\django\shortcuts.py", line 24, in render
    content = loader.render_to_string(template_name, context, request, using=using)
  File "D:\Projects\Current Projects\NDAS - Project\NDAS\venv\Lib\site-packages\django\template\loader.py", line 62, in render_to_string
    return template.render(context, request)
           ~~~~~~~~~~~~~~~^^^^^^^^^^^^^^^^^^
  File "D:\Projects\Current Projects\NDAS - Project\NDAS\venv\Lib\site-packages\django\template\backends\django.py", line 62, in render
    return self.template.render(context)
           ~~~~~~~~~~~~~~~~~~~~^^^^^^^^^
  File "D:\Projects\Current Projects\NDAS - Project\NDAS\venv\Lib\site-packages\django\template\base.py", line 175, in render
    return self._render(context)
           ~~~~~~~~~~~~^^^^^^^^^
  File "D:\Projects\Current Projects\NDAS - Project\NDAS\venv\Lib\site-packages\django\template\base.py", line 167, in _render
    return self.nodelist.render(context)
           ~~~~~~~~~~~~~~~~~~~~^^^^^^^^^
  File "D:\Projects\Current Projects\NDAS - Project\NDAS\venv\Lib\site-packages\django\template\base.py", line 1005, in render
    return SafeString("".join([node.render_annotated(context) for node in self]))
                               ~~~~~~~~~~~~~~~~~~~~~^^^^^^^^^
  File "D:\Projects\Current Projects\NDAS - Project\NDAS\venv\Lib\site-packages\django\template\base.py", line 966, in render_annotated
    return self.render(context)
           ~~~~~~~~~~~^^^^^^^^^
  File "D:\Projects\Current Projects\NDAS - Project\NDAS\venv\Lib\site-packages\django\template\loader_tags.py", line 157, in render
    return compiled_parent._render(context)
           ~~~~~~~~~~~~~~~~~~~~~~~^^^^^^^^^
  File "D:\Projects\Current Projects\NDAS - Project\NDAS\venv\Lib\site-packages\django\template\base.py", line 167, in _render
    return self.nodelist.render(context)
           ~~~~~~~~~~~~~~~~~~~~^^^^^^^^^
  File "D:\Projects\Current Projects\NDAS - Project\NDAS\venv\Lib\site-packages\django\template\base.py", line 1005, in render
    return SafeString("".join([node.render_annotated(context) for node in self]))
                               ~~~~~~~~~~~~~~~~~~~~~^^^^^^^^^
  File "D:\Projects\Current Projects\NDAS - Project\NDAS\venv\Lib\site-packages\django\template\base.py", line 966, in render_annotated
    return self.render(context)
           ~~~~~~~~~~~^^^^^^^^^
  File "D:\Projects\Current Projects\NDAS - Project\NDAS\venv\Lib\site-packages\django\template\loader_tags.py", line 157, in render
    return compiled_parent._render(context)
           ~~~~~~~~~~~~~~~~~~~~~~~^^^^^^^^^
  File "D:\Projects\Current Projects\NDAS - Project\NDAS\venv\Lib\site-packages\django\template\base.py", line 167, in _render
    return self.nodelist.render(context)
           ~~~~~~~~~~~~~~~~~~~~^^^^^^^^^
  File "D:\Projects\Current Projects\NDAS - Project\NDAS\venv\Lib\site-packages\django\template\base.py", line 1005, in render
    return SafeString("".join([node.render_annotated(context) for node in self]))
                               ~~~~~~~~~~~~~~~~~~~~~^^^^^^^^^
  File "D:\Projects\Current Projects\NDAS - Project\NDAS\venv\Lib\site-packages\django\template\base.py", line 966, in render_annotated
    return self.render(context)
           ~~~~~~~~~~~^^^^^^^^^
  File "D:\Projects\Current Projects\NDAS - Project\NDAS\venv\Lib\site-packages\django\template\loader_tags.py", line 63, in render
    result = block.nodelist.render(context)
  File "D:\Projects\Current Projects\NDAS - Project\NDAS\venv\Lib\site-packages\django\template\base.py", line 1005, in render
    return SafeString("".join([node.render_annotated(context) for node in self]))
                               ~~~~~~~~~~~~~~~~~~~~~^^^^^^^^^
  File "D:\Projects\Current Projects\NDAS - Project\NDAS\venv\Lib\site-packages\django\template\base.py", line 966, in render_annotated
    return self.render(context)
           ~~~~~~~~~~~^^^^^^^^^
  File "D:\Projects\Current Projects\NDAS - Project\NDAS\venv\Lib\site-packages\django\template\defaulttags.py", line 472, in render
    url = reverse(view_name, args=args, kwargs=kwargs, current_app=current_app)
  File "D:\Projects\Current Projects\NDAS - Project\NDAS\venv\Lib\site-packages\django\urls\base.py", line 88, in reverse
    return resolver._reverse_with_prefix(view, prefix, *args, **kwargs)
           ~~~~~~~~~~~~~~~~~~~~~~~~~~~~~^^^^^^^^^^^^^^^^^^^^^^^^^^^^^^^
  File "D:\Projects\Current Projects\NDAS - Project\NDAS\venv\Lib\site-packages\django\urls\resolvers.py", line 828, in _reverse_with_prefix
    raise NoReverseMatch(msg)
django.urls.exceptions.NoReverseMatch: Reverse for 'logout' not found. 'logout' is not a valid view function or pattern name.
ERROR 2025-08-28 10:39:51,567 basehttp 14228 9576 "GET /users/view/1/ HTTP/1.1" 500 208344
INFO 2025-08-28 10:39:54,757 basehttp 14228 9576 "GET /patient/view/4/ HTTP/1.1" 200 90558
INFO 2025-08-28 10:39:56,811 basehttp 14228 9576 "GET /patient/view/4/ HTTP/1.1" 200 90558
ERROR 2025-08-28 10:39:59,515 log 14228 9576 Internal Server Error: /users/view/1/
Traceback (most recent call last):
  File "D:\Projects\Current Projects\NDAS - Project\NDAS\venv\Lib\site-packages\django\core\handlers\exception.py", line 55, in inner
    response = get_response(request)
  File "D:\Projects\Current Projects\NDAS - Project\NDAS\venv\Lib\site-packages\django\core\handlers\base.py", line 197, in _get_response
    response = wrapped_callback(request, *callback_args, **callback_kwargs)
  File "D:\Projects\Current Projects\NDAS - Project\NDAS\venv\Lib\site-packages\django\contrib\auth\decorators.py", line 23, in _wrapped_view
    return view_func(request, *args, **kwargs)
  File "D:\Projects\Current Projects\NDAS - Project\NDAS\users\views.py", line 164, in userView
    return render(request, 'users/user_view.html', {'custom_user': custom_user, 'user' : loged_user})
  File "D:\Projects\Current Projects\NDAS - Project\NDAS\venv\Lib\site-packages\django\shortcuts.py", line 24, in render
    content = loader.render_to_string(template_name, context, request, using=using)
  File "D:\Projects\Current Projects\NDAS - Project\NDAS\venv\Lib\site-packages\django\template\loader.py", line 62, in render_to_string
    return template.render(context, request)
           ~~~~~~~~~~~~~~~^^^^^^^^^^^^^^^^^^
  File "D:\Projects\Current Projects\NDAS - Project\NDAS\venv\Lib\site-packages\django\template\backends\django.py", line 62, in render
    return self.template.render(context)
           ~~~~~~~~~~~~~~~~~~~~^^^^^^^^^
  File "D:\Projects\Current Projects\NDAS - Project\NDAS\venv\Lib\site-packages\django\template\base.py", line 175, in render
    return self._render(context)
           ~~~~~~~~~~~~^^^^^^^^^
  File "D:\Projects\Current Projects\NDAS - Project\NDAS\venv\Lib\site-packages\django\template\base.py", line 167, in _render
    return self.nodelist.render(context)
           ~~~~~~~~~~~~~~~~~~~~^^^^^^^^^
  File "D:\Projects\Current Projects\NDAS - Project\NDAS\venv\Lib\site-packages\django\template\base.py", line 1005, in render
    return SafeString("".join([node.render_annotated(context) for node in self]))
                               ~~~~~~~~~~~~~~~~~~~~~^^^^^^^^^
  File "D:\Projects\Current Projects\NDAS - Project\NDAS\venv\Lib\site-packages\django\template\base.py", line 966, in render_annotated
    return self.render(context)
           ~~~~~~~~~~~^^^^^^^^^
  File "D:\Projects\Current Projects\NDAS - Project\NDAS\venv\Lib\site-packages\django\template\loader_tags.py", line 157, in render
    return compiled_parent._render(context)
           ~~~~~~~~~~~~~~~~~~~~~~~^^^^^^^^^
  File "D:\Projects\Current Projects\NDAS - Project\NDAS\venv\Lib\site-packages\django\template\base.py", line 167, in _render
    return self.nodelist.render(context)
           ~~~~~~~~~~~~~~~~~~~~^^^^^^^^^
  File "D:\Projects\Current Projects\NDAS - Project\NDAS\venv\Lib\site-packages\django\template\base.py", line 1005, in render
    return SafeString("".join([node.render_annotated(context) for node in self]))
                               ~~~~~~~~~~~~~~~~~~~~~^^^^^^^^^
  File "D:\Projects\Current Projects\NDAS - Project\NDAS\venv\Lib\site-packages\django\template\base.py", line 966, in render_annotated
    return self.render(context)
           ~~~~~~~~~~~^^^^^^^^^
  File "D:\Projects\Current Projects\NDAS - Project\NDAS\venv\Lib\site-packages\django\template\loader_tags.py", line 157, in render
    return compiled_parent._render(context)
           ~~~~~~~~~~~~~~~~~~~~~~~^^^^^^^^^
  File "D:\Projects\Current Projects\NDAS - Project\NDAS\venv\Lib\site-packages\django\template\base.py", line 167, in _render
    return self.nodelist.render(context)
           ~~~~~~~~~~~~~~~~~~~~^^^^^^^^^
  File "D:\Projects\Current Projects\NDAS - Project\NDAS\venv\Lib\site-packages\django\template\base.py", line 1005, in render
    return SafeString("".join([node.render_annotated(context) for node in self]))
                               ~~~~~~~~~~~~~~~~~~~~~^^^^^^^^^
  File "D:\Projects\Current Projects\NDAS - Project\NDAS\venv\Lib\site-packages\django\template\base.py", line 966, in render_annotated
    return self.render(context)
           ~~~~~~~~~~~^^^^^^^^^
  File "D:\Projects\Current Projects\NDAS - Project\NDAS\venv\Lib\site-packages\django\template\loader_tags.py", line 63, in render
    result = block.nodelist.render(context)
  File "D:\Projects\Current Projects\NDAS - Project\NDAS\venv\Lib\site-packages\django\template\base.py", line 1005, in render
    return SafeString("".join([node.render_annotated(context) for node in self]))
                               ~~~~~~~~~~~~~~~~~~~~~^^^^^^^^^
  File "D:\Projects\Current Projects\NDAS - Project\NDAS\venv\Lib\site-packages\django\template\base.py", line 966, in render_annotated
    return self.render(context)
           ~~~~~~~~~~~^^^^^^^^^
  File "D:\Projects\Current Projects\NDAS - Project\NDAS\venv\Lib\site-packages\django\template\defaulttags.py", line 472, in render
    url = reverse(view_name, args=args, kwargs=kwargs, current_app=current_app)
  File "D:\Projects\Current Projects\NDAS - Project\NDAS\venv\Lib\site-packages\django\urls\base.py", line 88, in reverse
    return resolver._reverse_with_prefix(view, prefix, *args, **kwargs)
           ~~~~~~~~~~~~~~~~~~~~~~~~~~~~~^^^^^^^^^^^^^^^^^^^^^^^^^^^^^^^
  File "D:\Projects\Current Projects\NDAS - Project\NDAS\venv\Lib\site-packages\django\urls\resolvers.py", line 828, in _reverse_with_prefix
    raise NoReverseMatch(msg)
django.urls.exceptions.NoReverseMatch: Reverse for 'logout' not found. 'logout' is not a valid view function or pattern name.
ERROR 2025-08-28 10:39:59,526 basehttp 14228 9576 "GET /users/view/1/ HTTP/1.1" 500 208344
INFO 2025-08-28 10:40:08,895 basehttp 14228 9576 "GET / HTTP/1.1" 200 39795
ERROR 2025-08-28 10:40:10,544 log 14228 9576 Internal Server Error: /users/view/1/
Traceback (most recent call last):
  File "D:\Projects\Current Projects\NDAS - Project\NDAS\venv\Lib\site-packages\django\core\handlers\exception.py", line 55, in inner
    response = get_response(request)
  File "D:\Projects\Current Projects\NDAS - Project\NDAS\venv\Lib\site-packages\django\core\handlers\base.py", line 197, in _get_response
    response = wrapped_callback(request, *callback_args, **callback_kwargs)
  File "D:\Projects\Current Projects\NDAS - Project\NDAS\venv\Lib\site-packages\django\contrib\auth\decorators.py", line 23, in _wrapped_view
    return view_func(request, *args, **kwargs)
  File "D:\Projects\Current Projects\NDAS - Project\NDAS\users\views.py", line 164, in userView
    return render(request, 'users/user_view.html', {'custom_user': custom_user, 'user' : loged_user})
  File "D:\Projects\Current Projects\NDAS - Project\NDAS\venv\Lib\site-packages\django\shortcuts.py", line 24, in render
    content = loader.render_to_string(template_name, context, request, using=using)
  File "D:\Projects\Current Projects\NDAS - Project\NDAS\venv\Lib\site-packages\django\template\loader.py", line 62, in render_to_string
    return template.render(context, request)
           ~~~~~~~~~~~~~~~^^^^^^^^^^^^^^^^^^
  File "D:\Projects\Current Projects\NDAS - Project\NDAS\venv\Lib\site-packages\django\template\backends\django.py", line 62, in render
    return self.template.render(context)
           ~~~~~~~~~~~~~~~~~~~~^^^^^^^^^
  File "D:\Projects\Current Projects\NDAS - Project\NDAS\venv\Lib\site-packages\django\template\base.py", line 175, in render
    return self._render(context)
           ~~~~~~~~~~~~^^^^^^^^^
  File "D:\Projects\Current Projects\NDAS - Project\NDAS\venv\Lib\site-packages\django\template\base.py", line 167, in _render
    return self.nodelist.render(context)
           ~~~~~~~~~~~~~~~~~~~~^^^^^^^^^
  File "D:\Projects\Current Projects\NDAS - Project\NDAS\venv\Lib\site-packages\django\template\base.py", line 1005, in render
    return SafeString("".join([node.render_annotated(context) for node in self]))
                               ~~~~~~~~~~~~~~~~~~~~~^^^^^^^^^
  File "D:\Projects\Current Projects\NDAS - Project\NDAS\venv\Lib\site-packages\django\template\base.py", line 966, in render_annotated
    return self.render(context)
           ~~~~~~~~~~~^^^^^^^^^
  File "D:\Projects\Current Projects\NDAS - Project\NDAS\venv\Lib\site-packages\django\template\loader_tags.py", line 157, in render
    return compiled_parent._render(context)
           ~~~~~~~~~~~~~~~~~~~~~~~^^^^^^^^^
  File "D:\Projects\Current Projects\NDAS - Project\NDAS\venv\Lib\site-packages\django\template\base.py", line 167, in _render
    return self.nodelist.render(context)
           ~~~~~~~~~~~~~~~~~~~~^^^^^^^^^
  File "D:\Projects\Current Projects\NDAS - Project\NDAS\venv\Lib\site-packages\django\template\base.py", line 1005, in render
    return SafeString("".join([node.render_annotated(context) for node in self]))
                               ~~~~~~~~~~~~~~~~~~~~~^^^^^^^^^
  File "D:\Projects\Current Projects\NDAS - Project\NDAS\venv\Lib\site-packages\django\template\base.py", line 966, in render_annotated
    return self.render(context)
           ~~~~~~~~~~~^^^^^^^^^
  File "D:\Projects\Current Projects\NDAS - Project\NDAS\venv\Lib\site-packages\django\template\loader_tags.py", line 157, in render
    return compiled_parent._render(context)
           ~~~~~~~~~~~~~~~~~~~~~~~^^^^^^^^^
  File "D:\Projects\Current Projects\NDAS - Project\NDAS\venv\Lib\site-packages\django\template\base.py", line 167, in _render
    return self.nodelist.render(context)
           ~~~~~~~~~~~~~~~~~~~~^^^^^^^^^
  File "D:\Projects\Current Projects\NDAS - Project\NDAS\venv\Lib\site-packages\django\template\base.py", line 1005, in render
    return SafeString("".join([node.render_annotated(context) for node in self]))
                               ~~~~~~~~~~~~~~~~~~~~~^^^^^^^^^
  File "D:\Projects\Current Projects\NDAS - Project\NDAS\venv\Lib\site-packages\django\template\base.py", line 966, in render_annotated
    return self.render(context)
           ~~~~~~~~~~~^^^^^^^^^
  File "D:\Projects\Current Projects\NDAS - Project\NDAS\venv\Lib\site-packages\django\template\loader_tags.py", line 63, in render
    result = block.nodelist.render(context)
  File "D:\Projects\Current Projects\NDAS - Project\NDAS\venv\Lib\site-packages\django\template\base.py", line 1005, in render
    return SafeString("".join([node.render_annotated(context) for node in self]))
                               ~~~~~~~~~~~~~~~~~~~~~^^^^^^^^^
  File "D:\Projects\Current Projects\NDAS - Project\NDAS\venv\Lib\site-packages\django\template\base.py", line 966, in render_annotated
    return self.render(context)
           ~~~~~~~~~~~^^^^^^^^^
  File "D:\Projects\Current Projects\NDAS - Project\NDAS\venv\Lib\site-packages\django\template\defaulttags.py", line 472, in render
    url = reverse(view_name, args=args, kwargs=kwargs, current_app=current_app)
  File "D:\Projects\Current Projects\NDAS - Project\NDAS\venv\Lib\site-packages\django\urls\base.py", line 88, in reverse
    return resolver._reverse_with_prefix(view, prefix, *args, **kwargs)
           ~~~~~~~~~~~~~~~~~~~~~~~~~~~~~^^^^^^^^^^^^^^^^^^^^^^^^^^^^^^^
  File "D:\Projects\Current Projects\NDAS - Project\NDAS\venv\Lib\site-packages\django\urls\resolvers.py", line 828, in _reverse_with_prefix
    raise NoReverseMatch(msg)
django.urls.exceptions.NoReverseMatch: Reverse for 'logout' not found. 'logout' is not a valid view function or pattern name.
ERROR 2025-08-28 10:40:10,557 basehttp 14228 9576 "GET /users/view/1/ HTTP/1.1" 500 208207
INFO 2025-08-28 10:41:14,492 basehttp 14228 9576 "GET /users/view/1/ HTTP/1.1" 200 63445
INFO 2025-08-28 13:08:52,990 autoreload 14864 10988 Watching for file changes with StatReloader
INFO 2025-08-28 13:10:31,009 basehttp 14864 19008 "GET / HTTP/1.1" 302 0
INFO 2025-08-28 13:10:31,143 basehttp 14864 19008 "GET /users/login/?next=/ HTTP/1.1" 200 12804
INFO 2025-08-28 13:10:31,332 basehttp 14864 19008 "GET /static/dist/css/custom_css.css HTTP/1.1" 304 0
WARNING 2025-08-28 13:10:31,971 log 14864 5944 Not Found: /favicon.ico
WARNING 2025-08-28 13:10:31,972 basehttp 14864 5944 "GET /favicon.ico HTTP/1.1" 404 15877
WARNING 2025-08-28 13:10:31,987 log 14864 5944 Not Found: /favicon.ico
WARNING 2025-08-28 13:10:31,988 basehttp 14864 5944 "GET /favicon.ico HTTP/1.1" 404 15877
INFO 2025-08-28 13:10:34,923 basehttp 14864 5944 "POST /users/login/ HTTP/1.1" 302 0
INFO 2025-08-28 13:10:35,290 basehttp 14864 11648 "GET / HTTP/1.1" 200 40119
INFO 2025-08-28 13:10:38,714 basehttp 14864 19676 "GET /manager/patient/ HTTP/1.1" 200 59624
INFO 2025-08-28 13:10:38,753 basehttp 14864 19676 "GET /static/css/manager.css HTTP/1.1" 304 0
INFO 2025-08-28 13:10:38,756 basehttp 14864 20732 "GET /static/js/manager.js HTTP/1.1" 304 0
INFO 2025-08-28 13:10:41,914 basehttp 14864 20732 "GET /patient/view/4/ HTTP/1.1" 200 90558
INFO 2025-08-28 13:16:13,853 basehttp 14864 2896 "GET /patient/view/4/ HTTP/1.1" 200 90564
INFO 2025-08-28 13:16:15,572 basehttp 14864 2896 "GET /patient/view/4/ HTTP/1.1" 200 90564
INFO 2025-08-28 13:17:25,893 basehttp 14864 2896 "GET /patient/view/4/ HTTP/1.1" 200 90564
INFO 2025-08-28 13:17:27,250 basehttp 14864 2896 "GET /patient/view/4/ HTTP/1.1" 200 90564
INFO 2025-08-28 13:17:28,703 basehttp 14864 2896 "GET /patient/view/4/ HTTP/1.1" 200 90564
INFO 2025-08-28 13:17:29,550 basehttp 14864 2896 "GET /patient/view/4/ HTTP/1.1" 200 90564
INFO 2025-08-28 13:17:30,489 basehttp 14864 2896 "GET /patient/view/4/ HTTP/1.1" 200 90564
INFO 2025-08-28 13:17:31,264 basehttp 14864 2896 "GET /patient/view/4/ HTTP/1.1" 200 90564
INFO 2025-08-28 13:17:31,721 basehttp 14864 2896 "GET /patient/view/4/ HTTP/1.1" 200 90564
INFO 2025-08-28 13:17:32,369 basehttp 14864 2896 "GET /patient/view/4/ HTTP/1.1" 200 90564
INFO 2025-08-28 13:17:33,078 basehttp 14864 2896 "GET /patient/view/4/ HTTP/1.1" 200 90564
INFO 2025-08-28 13:17:33,755 basehttp 14864 2896 "GET /patient/view/4/ HTTP/1.1" 200 90564
INFO 2025-08-28 13:17:34,375 basehttp 14864 2896 "GET /patient/view/4/ HTTP/1.1" 200 90564
INFO 2025-08-28 13:17:34,969 basehttp 14864 2896 "GET /patient/view/4/ HTTP/1.1" 200 90564
INFO 2025-08-28 13:17:35,230 basehttp 14864 2896 "GET /patient/view/4/ HTTP/1.1" 200 90564
INFO 2025-08-28 13:17:35,494 basehttp 14864 2896 "GET /patient/view/4/ HTTP/1.1" 200 90564
INFO 2025-08-28 13:17:35,732 basehttp 14864 2896 "GET /patient/view/4/ HTTP/1.1" 200 90564
INFO 2025-08-28 13:17:36,161 basehttp 14864 2896 "GET /patient/view/4/ HTTP/1.1" 200 90564
INFO 2025-08-28 13:17:36,564 basehttp 14864 2896 "GET /patient/view/4/ HTTP/1.1" 200 90564
INFO 2025-08-28 13:17:37,426 basehttp 14864 2896 "GET /patient/view/4/ HTTP/1.1" 200 90564
INFO 2025-08-28 13:18:38,698 basehttp 14864 2896 "GET /patient/view/4/ HTTP/1.1" 200 90717
INFO 2025-08-28 13:19:09,541 basehttp 14864 2896 "GET /admin/ HTTP/1.1" 200 10512
INFO 2025-08-28 13:19:09,680 basehttp 14864 2896 "GET /static/admin/css/base.css HTTP/1.1" 200 20344
INFO 2025-08-28 13:19:09,689 basehttp 14864 2896 "GET /static/admin/css/fonts.css HTTP/1.1" 200 423
INFO 2025-08-28 13:19:09,726 basehttp 14864 16884 "GET /static/admin/css/dark_mode.css HTTP/1.1" 200 796
INFO 2025-08-28 13:19:09,732 basehttp 14864 11092 "GET /static/admin/css/dashboard.css HTTP/1.1" 200 380
INFO 2025-08-28 13:19:09,734 basehttp 14864 12216 "GET /static/admin/js/nav_sidebar.js HTTP/1.1" 200 3763
INFO 2025-08-28 13:19:09,745 basehttp 14864 16960 "GET /static/admin/css/nav_sidebar.css HTTP/1.1" 200 2619
INFO 2025-08-28 13:19:09,759 basehttp 14864 11972 "GET /static/admin/css/responsive.css HTTP/1.1" 200 18854
INFO 2025-08-28 13:19:09,792 basehttp 14864 12216 "GET /static/admin/img/icon-viewlink.svg HTTP/1.1" 200 581
INFO 2025-08-28 13:19:09,793 basehttp 14864 16960 "GET /static/admin/img/icon-changelink.svg HTTP/1.1" 200 380
INFO 2025-08-28 13:19:09,805 basehttp 14864 11972 "GET /static/admin/img/icon-addlink.svg HTTP/1.1" 200 331
INFO 2025-08-28 13:19:09,825 basehttp 14864 12216 "GET /static/admin/fonts/Roboto-Bold-webfont.woff HTTP/1.1" 200 86184
INFO 2025-08-28 13:19:09,836 basehttp 14864 16960 "GET /static/admin/fonts/Roboto-Regular-webfont.woff HTTP/1.1" 200 85876
INFO 2025-08-28 13:19:09,836 basehttp 14864 11092 "GET /static/admin/fonts/Roboto-Light-webfont.woff HTTP/1.1" 200 85692
INFO 2025-08-28 13:19:18,096 basehttp 14864 11092 "GET /admin/users/customuser/ HTTP/1.1" 200 16686
INFO 2025-08-28 13:19:18,136 basehttp 14864 12216 "GET /static/admin/js/jquery.init.js HTTP/1.1" 200 347
INFO 2025-08-28 13:19:18,138 basehttp 14864 16884 "GET /static/admin/js/admin/RelatedObjectLookups.js HTTP/1.1" 200 8985
INFO 2025-08-28 13:19:18,140 basehttp 14864 11092 "GET /static/admin/css/changelists.css HTTP/1.1" 200 6395
INFO 2025-08-28 13:19:18,144 basehttp 14864 12216 "GET /static/admin/js/urlify.js HTTP/1.1" 200 7902
INFO 2025-08-28 13:19:18,146 basehttp 14864 16884 "GET /static/admin/js/prepopulate.js HTTP/1.1" 200 1531
INFO 2025-08-28 13:19:18,155 basehttp 14864 2896 "GET /static/admin/js/actions.js HTTP/1.1" 200 7872
INFO 2025-08-28 13:19:18,163 basehttp 14864 2896 "GET /static/admin/img/icon-no.svg HTTP/1.1" 200 560
INFO 2025-08-28 13:19:18,169 basehttp 14864 2896 "GET /static/admin/img/icon-yes.svg HTTP/1.1" 200 436
INFO 2025-08-28 13:19:18,184 basehttp 14864 11972 "GET /static/admin/js/core.js HTTP/1.1" 200 5698
INFO 2025-08-28 13:19:18,197 basehttp 14864 16884 "GET /static/admin/img/search.svg HTTP/1.1" 200 458
INFO 2025-08-28 13:19:18,325 basehttp 14864 11092 "GET /static/admin/js/vendor/xregexp/xregexp.js HTTP/1.1" 200 232381
INFO 2025-08-28 13:19:18,368 basehttp 14864 12216 "GET /admin/jsi18n/ HTTP/1.1" 200 3343
INFO 2025-08-28 13:19:18,371 basehttp 14864 16960 "GET /static/admin/js/vendor/jquery/jquery.js HTTP/1.1" 200 288580
INFO 2025-08-28 13:19:18,381 basehttp 14864 12216 "GET /static/admin/js/filters.js HTTP/1.1" 200 966
INFO 2025-08-28 13:19:18,451 basehttp 14864 16960 "GET /static/admin/img/tooltag-add.svg HTTP/1.1" 200 331
INFO 2025-08-28 13:19:18,463 basehttp 14864 12216 "GET /static/admin/img/sorting-icons.svg HTTP/1.1" 200 1097
INFO 2025-08-28 13:19:25,363 basehttp 14864 12216 "GET /admin/patients/patient/ HTTP/1.1" 200 13939
INFO 2025-08-28 13:19:25,504 basehttp 14864 12216 "GET /admin/jsi18n/ HTTP/1.1" 200 3343
